<?xml version="1.0" encoding="UTF-8"?>
<!-- Generated by org.testng.reporters.JUnitXMLReporter -->
<testsuite hostname="Mac.lan" failures="0" tests="6" name="Command line test" time="28.091" errors="0" timestamp="22 Mar 2025 22:40:38 GMT">
  <testcase classname="com.mycompany.simulacion.test.TestSafari" name="testIngreso" time="0.016"/>
  <testcase classname="com.mycompany.simulacion.test.TestSafari" name="testProducto" time="2.184"/>
  <testcase classname="com.mycompany.simulacion.test.TestSafari" name="testAgregarAlCarrito" time="5.285"/>
  <testcase classname="com.mycompany.simulacion.test.TestSafari" name="testCheckoutCampos" time="2.222"/>
  <testcase classname="com.mycompany.simulacion.test.TestSafari" name="testCompletarCheckout" time="2.17"/>
  <testcase classname="com.mycompany.simulacion.test.TestSafari" name="testFinalizarCompra" time="2.093"/>
</testsuite> <!-- Command line test -->
