<?xml version="1.0" encoding="UTF-8"?>
<!-- Generated by org.testng.reporters.JUnitXMLReporter -->
<testsuite hostname="Mac.lan" failures="0" tests="4" name="Command line test" time="9.735" errors="0" timestamp="22 Mar 2025 15:59:12 GMT">
  <testcase classname="com.mycompany.simulacion.test.TestSafari" name="testIngreso" time="0.005"/>
  <testcase classname="com.mycompany.simulacion.test.TestSafari" name="testProducto" time="2.169"/>
  <testcase classname="com.mycompany.simulacion.test.TestSafari" name="testAgregarAlCarrito" time="5.301"/>
  <testcase classname="com.mycompany.simulacion.test.TestSafari" name="testCheckoutCampos" time="2.255"/>
</testsuite> <!-- Command line test -->
