<?xml version="1.0" encoding="UTF-8"?>
<testng-results total="4" passed="4" failed="0" skipped="0">
  <reporter-output>
  </reporter-output>
  <suite started-at="2025-03-22T15:59:02Z" name="Command line suite" finished-at="2025-03-22T15:59:12Z" duration-ms="9735">
    <groups>
    </groups>
    <test started-at="2025-03-22T15:59:02Z" name="Command line test" finished-at="2025-03-22T15:59:12Z" duration-ms="9735">
      <class name="com.mycompany.simulacion.test.TestSafari">
        <test-method signature="testIngreso()[pri:0, instance:com.mycompany.simulacion.test.TestSafari@23941fb4]" started-at="2025-03-22T09:59:02Z" name="testIngreso" finished-at="2025-03-22T09:59:02Z" duration-ms="5" status="PASS">
          <reporter-output>
          </reporter-output>
        </test-method> <!-- testIngreso -->
        <test-method signature="testProducto()[pri:0, instance:com.mycompany.simulacion.test.TestSafari@23941fb4]" started-at="2025-03-22T09:59:02Z" name="testProducto" finished-at="2025-03-22T09:59:04Z" depends-on-methods="com.mycompany.simulacion.test.TestSafari.testIngreso" duration-ms="2169" status="PASS">
          <reporter-output>
          </reporter-output>
        </test-method> <!-- testProducto -->
        <test-method signature="testAgregarAlCarrito()[pri:0, instance:com.mycompany.simulacion.test.TestSafari@23941fb4]" started-at="2025-03-22T09:59:04Z" name="testAgregarAlCarrito" finished-at="2025-03-22T09:59:09Z" depends-on-methods="com.mycompany.simulacion.test.TestSafari.testProducto" duration-ms="5301" status="PASS">
          <reporter-output>
          </reporter-output>
        </test-method> <!-- testAgregarAlCarrito -->
        <test-method signature="testCheckoutCampos()[pri:0, instance:com.mycompany.simulacion.test.TestSafari@23941fb4]" started-at="2025-03-22T09:59:09Z" name="testCheckoutCampos" finished-at="2025-03-22T09:59:12Z" depends-on-methods="com.mycompany.simulacion.test.TestSafari.testAgregarAlCarrito" duration-ms="2255" status="PASS">
          <reporter-output>
          </reporter-output>
        </test-method> <!-- testCheckoutCampos -->
        <test-method is-config="true" signature="tearDown()[pri:0, instance:com.mycompany.simulacion.test.TestSafari@23941fb4]" started-at="2025-03-22T09:59:12Z" name="tearDown" finished-at="2025-03-22T09:59:12Z" duration-ms="1" status="PASS">
          <reporter-output>
          </reporter-output>
        </test-method> <!-- tearDown -->
      </class> <!-- com.mycompany.simulacion.test.TestSafari -->
    </test> <!-- Command line test -->
  </suite> <!-- Command line suite -->
</testng-results>
